<?xml version="1.0" encoding="UTF-8"?>
<!-- Generated by org.testng.reporters.JUnitReportReporter -->
<testsuite hostname="DESKTOP-QIM6HQC" failures="0" tests="1" name="TestNG.Wrk2" time="0.019" errors="0" timestamp="2023-09-04T18:53:15 IST" skipped="0">
  <testcase classname="TestNG.Wrk2" name="f" time="0.019"/>
  <system-out/>
</testsuite> <!-- TestNG.Wrk2 -->
