<?xml version="1.0" encoding="UTF-8"?>
<!-- Generated by org.testng.reporters.JUnitReportReporter -->
<testsuite hostname="DESKTOP-QIM6HQC" failures="0" tests="3" name="TestNG.Achivers_Test" time="0.046" errors="0" timestamp="2023-09-04T19:03:49 IST" skipped="0">
  <testcase classname="TestNG.Achivers_Test" name="deletecretecustomer" time="0.023"/>
  <system-out/>
  <testcase classname="TestNG.Achivers_Test" name="cretecustomer" time="0.016"/>
  <system-out/>
  <testcase classname="TestNG.Achivers_Test" name="modifycustomer" time="0.007"/>
  <system-out/>
</testsuite> <!-- TestNG.Achivers_Test -->
