<?xml version="1.0" encoding="UTF-8"?>
<!-- Generated by org.testng.reporters.JUnitReportReporter -->
<testsuite hostname="DESKTOP-QIM6HQC" failures="0" tests="3" name="TestNG.NewTest" time="19.578" errors="0" timestamp="2023-01-24T10:51:17 IST" skipped="0">
  <testcase classname="TestNG.NewTest" name="h" time="0.037"/>
  <system-out/>
  <testcase classname="TestNG.NewTest" name="f" time="9.186"/>
  <system-out/>
  <testcase classname="TestNG.NewTest" name="g" time="10.355"/>
  <system-out/>
</testsuite> <!-- TestNG.NewTest -->
