<?xml version="1.0" encoding="UTF-8"?>
<!-- Generated by org.testng.reporters.JUnitReportReporter -->
<testsuite hostname="DESKTOP-QIM6HQC" failures="0" tests="1" name="TestNG.NewTest1" time="0.003" errors="0" timestamp="2023-01-29T20:48:33 IST" skipped="0">
  <testcase classname="TestNG.NewTest1" name="f" time="0.003"/>
  <system-out/>
</testsuite> <!-- TestNG.NewTest1 -->
